<?xml version="1.0" encoding="UTF-8"?>
<testsuite name="rspec" tests="4" failures="0" errors="0" time="4.959643" timestamp="2018-04-25T16:43:56+10:00">
  <!-- Randomized with seed 42162 -->
  <properties/>
  <testcase classname="spec.unit.recipes.default_spec" name="interop-demo::default converges successfully" file="./spec/unit/recipes/default_spec.rb" time="1.490845"/>
  <testcase classname="spec.unit.recipes.default_spec" name="interop-demo::default starts the httpd service" file="./spec/unit/recipes/default_spec.rb" time="0.951735"/>
  <testcase classname="spec.unit.recipes.default_spec" name="interop-demo::default installs httpd" file="./spec/unit/recipes/default_spec.rb" time="0.735506"/>
  <testcase classname="spec.unit.recipes.default_spec" name="interop-demo::default enables the httpd service" file="./spec/unit/recipes/default_spec.rb" time="0.632646"/>
</testsuite>
